MariaDB [test_sp]>   set @i1 = 1;
--------------
set @i1 = 1
--------------

Query OK, 0 rows affected (0.000 sec)

MariaDB [test_sp]>   select "env", @i1;
--------------
select "env", @i1
--------------

+-----+------+
| env | @i1  |
+-----+------+
| env |    1 |
+-----+------+
1 row in set (0.000 sec)

MariaDB [test_sp]>   call sp_i(@i1);
--------------
call sp_i(@i1)
--------------

+-------+------+
| start | no1  |
+-------+------+
| start |    1 |
+-------+------+
1 row in set (0.000 sec)

+-----+------+
| end | no1  |
+-----+------+
| end |   11 |
+-----+------+
1 row in set (0.000 sec)

Query OK, 1 row affected (0.000 sec)

MariaDB [test_sp]>   select "env", @i1;
--------------
select "env", @i1
--------------

+-----+------+
| env | @i1  |
+-----+------+
| env |    1 |
+-----+------+
1 row in set (0.000 sec)

MariaDB [test_sp]>
